NEWFLDR|left4dead2\
NEWFLDR|left4dead2\addons\
left4dead2\addons\metamod.vdf
left4dead2\addons\metamod_x64.vdf
NEWFLDR|left4dead2\addons\metamod\
left4dead2\addons\metamod\metaplugins.ini
left4dead2\addons\metamod\README.txt
left4dead2\addons\metamod\sourcemod.vdf
NEWFLDR|left4dead2\addons\metamod\bin\
left4dead2\addons\metamod\bin\metamod.2.bms.so
left4dead2\addons\metamod\bin\metamod.2.csgo.so
left4dead2\addons\metamod\bin\metamod.2.css.so
left4dead2\addons\metamod\bin\metamod.2.dods.so
left4dead2\addons\metamod\bin\metamod.2.doi.so
left4dead2\addons\metamod\bin\metamod.2.ep1.so
left4dead2\addons\metamod\bin\metamod.2.ep2.so
left4dead2\addons\metamod\bin\metamod.2.hl2dm.so
left4dead2\addons\metamod\bin\metamod.2.insurgency.so
left4dead2\addons\metamod\bin\metamod.2.l4d.so
left4dead2\addons\metamod\bin\metamod.2.l4d2.so
left4dead2\addons\metamod\bin\metamod.2.nd.so
left4dead2\addons\metamod\bin\metamod.2.sdk2013.so
left4dead2\addons\metamod\bin\metamod.2.tf2.so
left4dead2\addons\metamod\bin\server.so
left4dead2\addons\metamod\bin\server_i486.so
NEWFLDR|left4dead2\addons\metamod\bin\linux64\
left4dead2\addons\metamod\bin\linux64\metamod.2.csgo.so
left4dead2\addons\metamod\bin\linux64\server.so
NEWFLDR|left4dead2\addons\sourcemod\
left4dead2\addons\sourcemod\GPLv2.txt
left4dead2\addons\sourcemod\GPLv3.txt
left4dead2\addons\sourcemod\LICENSE.txt
NEWFLDR|left4dead2\addons\sourcemod\bin\
left4dead2\addons\sourcemod\bin\sourcemod.2.bms.so
left4dead2\addons\sourcemod\bin\sourcemod.2.csgo.so
left4dead2\addons\sourcemod\bin\sourcemod.2.css.so
left4dead2\addons\sourcemod\bin\sourcemod.2.dods.so
left4dead2\addons\sourcemod\bin\sourcemod.2.doi.so
left4dead2\addons\sourcemod\bin\sourcemod.2.ep1.so
left4dead2\addons\sourcemod\bin\sourcemod.2.ep2.so
left4dead2\addons\sourcemod\bin\sourcemod.2.hl2dm.so
left4dead2\addons\sourcemod\bin\sourcemod.2.insurgency.so
left4dead2\addons\sourcemod\bin\sourcemod.2.l4d.so
left4dead2\addons\sourcemod\bin\sourcemod.2.l4d2.so
left4dead2\addons\sourcemod\bin\sourcemod.2.nd.so
left4dead2\addons\sourcemod\bin\sourcemod.2.sdk2013.so
left4dead2\addons\sourcemod\bin\sourcemod.2.tf2.so
left4dead2\addons\sourcemod\bin\sourcemod.logic.so
left4dead2\addons\sourcemod\bin\sourcemod_mm.x64.so
left4dead2\addons\sourcemod\bin\sourcemod_mm_i486.so
left4dead2\addons\sourcemod\bin\sourcepawn.jit.x86.so
NEWFLDR|left4dead2\addons\sourcemod\bin\x64\
left4dead2\addons\sourcemod\bin\x64\libsourcepawn.so
left4dead2\addons\sourcemod\bin\x64\sourcemod.2.blade.so
left4dead2\addons\sourcemod\bin\x64\sourcemod.2.csgo.so
left4dead2\addons\sourcemod\bin\x64\sourcemod.logic.so
NEWFLDR|left4dead2\addons\sourcemod\configs\
left4dead2\addons\sourcemod\configs\adminmenu_cfgs.txt
left4dead2\addons\sourcemod\configs\adminmenu_custom.txt
left4dead2\addons\sourcemod\configs\adminmenu_grouping.txt
left4dead2\addons\sourcemod\configs\adminmenu_sorting.txt
left4dead2\addons\sourcemod\configs\admins.cfg
left4dead2\addons\sourcemod\configs\admins_simple.ini
left4dead2\addons\sourcemod\configs\admin_groups.cfg
left4dead2\addons\sourcemod\configs\admin_levels.cfg
left4dead2\addons\sourcemod\configs\admin_overrides.cfg
left4dead2\addons\sourcemod\configs\banreasons.txt
left4dead2\addons\sourcemod\configs\core.cfg
left4dead2\addons\sourcemod\configs\databases.cfg
left4dead2\addons\sourcemod\configs\languages.cfg
left4dead2\addons\sourcemod\configs\maplists.cfg
NEWFLDR|left4dead2\addons\sourcemod\configs\geoip\
left4dead2\addons\sourcemod\configs\geoip\GeoLite2-City.mmdb
NEWFLDR|left4dead2\addons\sourcemod\configs\sql-init-scripts\
NEWFLDR|left4dead2\addons\sourcemod\configs\sql-init-scripts\mysql\
left4dead2\addons\sourcemod\configs\sql-init-scripts\mysql\clientprefs-mysql.sql
left4dead2\addons\sourcemod\configs\sql-init-scripts\mysql\create_admins.sql
left4dead2\addons\sourcemod\configs\sql-init-scripts\mysql\update_admins_r1409.sql
NEWFLDR|left4dead2\addons\sourcemod\configs\sql-init-scripts\pgsql\
left4dead2\addons\sourcemod\configs\sql-init-scripts\pgsql\clientprefs-pgsql.sql
left4dead2\addons\sourcemod\configs\sql-init-scripts\pgsql\create_admins.sql
NEWFLDR|left4dead2\addons\sourcemod\configs\sql-init-scripts\sqlite\
left4dead2\addons\sourcemod\configs\sql-init-scripts\sqlite\admins-sqlite.sq3
left4dead2\addons\sourcemod\configs\sql-init-scripts\sqlite\clientprefs-sqlite.sq3
left4dead2\addons\sourcemod\configs\sql-init-scripts\sqlite\clientprefs-sqlite.sql
left4dead2\addons\sourcemod\configs\sql-init-scripts\sqlite\create_admins.sql
left4dead2\addons\sourcemod\configs\sql-init-scripts\sqlite\update_admins-r1409.sql
NEWFLDR|left4dead2\addons\sourcemod\data\
NEWFLDR|left4dead2\addons\sourcemod\extensions\
left4dead2\addons\sourcemod\extensions\bintools.ext.so
left4dead2\addons\sourcemod\extensions\clientprefs.ext.so
left4dead2\addons\sourcemod\extensions\dbi.mysql.ext.so
left4dead2\addons\sourcemod\extensions\dbi.pgsql.ext.so
left4dead2\addons\sourcemod\extensions\dbi.sqlite.ext.so
left4dead2\addons\sourcemod\extensions\dhooks.ext.so
left4dead2\addons\sourcemod\extensions\game.cstrike.ext.2.csgo.so
left4dead2\addons\sourcemod\extensions\game.cstrike.ext.2.css.so
left4dead2\addons\sourcemod\extensions\game.tf2.ext.2.tf2.so
left4dead2\addons\sourcemod\extensions\geoip.ext.so
left4dead2\addons\sourcemod\extensions\regex.ext.so
left4dead2\addons\sourcemod\extensions\sdkhooks.ext.2.bms.so
left4dead2\addons\sourcemod\extensions\sdkhooks.ext.2.csgo.so
left4dead2\addons\sourcemod\extensions\sdkhooks.ext.2.css.so
left4dead2\addons\sourcemod\extensions\sdkhooks.ext.2.dods.so
left4dead2\addons\sourcemod\extensions\sdkhooks.ext.2.doi.so
left4dead2\addons\sourcemod\extensions\sdkhooks.ext.2.ep1.so
left4dead2\addons\sourcemod\extensions\sdkhooks.ext.2.ep2.so
left4dead2\addons\sourcemod\extensions\sdkhooks.ext.2.hl2dm.so
left4dead2\addons\sourcemod\extensions\sdkhooks.ext.2.insurgency.so
left4dead2\addons\sourcemod\extensions\sdkhooks.ext.2.l4d.so
left4dead2\addons\sourcemod\extensions\sdkhooks.ext.2.l4d2.so
left4dead2\addons\sourcemod\extensions\sdkhooks.ext.2.nd.so
left4dead2\addons\sourcemod\extensions\sdkhooks.ext.2.sdk2013.so
left4dead2\addons\sourcemod\extensions\sdkhooks.ext.2.tf2.so
left4dead2\addons\sourcemod\extensions\sdktools.ext.2.bms.so
left4dead2\addons\sourcemod\extensions\sdktools.ext.2.csgo.so
left4dead2\addons\sourcemod\extensions\sdktools.ext.2.css.so
left4dead2\addons\sourcemod\extensions\sdktools.ext.2.dods.so
left4dead2\addons\sourcemod\extensions\sdktools.ext.2.doi.so
left4dead2\addons\sourcemod\extensions\sdktools.ext.2.ep1.so
left4dead2\addons\sourcemod\extensions\sdktools.ext.2.ep2.so
left4dead2\addons\sourcemod\extensions\sdktools.ext.2.hl2dm.so
left4dead2\addons\sourcemod\extensions\sdktools.ext.2.insurgency.so
left4dead2\addons\sourcemod\extensions\sdktools.ext.2.l4d.so
left4dead2\addons\sourcemod\extensions\sdktools.ext.2.l4d2.so
left4dead2\addons\sourcemod\extensions\sdktools.ext.2.nd.so
left4dead2\addons\sourcemod\extensions\sdktools.ext.2.sdk2013.so
left4dead2\addons\sourcemod\extensions\sdktools.ext.2.tf2.so
left4dead2\addons\sourcemod\extensions\topmenus.ext.so
left4dead2\addons\sourcemod\extensions\updater.ext.so
left4dead2\addons\sourcemod\extensions\webternet.ext.so
NEWFLDR|left4dead2\addons\sourcemod\extensions\x64\
left4dead2\addons\sourcemod\extensions\x64\bintools.ext.so
left4dead2\addons\sourcemod\extensions\x64\clientprefs.ext.so
left4dead2\addons\sourcemod\extensions\x64\dbi.mysql.ext.so
left4dead2\addons\sourcemod\extensions\x64\dbi.pgsql.ext.so
left4dead2\addons\sourcemod\extensions\x64\dbi.sqlite.ext.so
left4dead2\addons\sourcemod\extensions\x64\game.cstrike.ext.2.csgo.so
left4dead2\addons\sourcemod\extensions\x64\geoip.ext.so
left4dead2\addons\sourcemod\extensions\x64\regex.ext.so
left4dead2\addons\sourcemod\extensions\x64\sdkhooks.ext.2.blade.so
left4dead2\addons\sourcemod\extensions\x64\sdkhooks.ext.2.csgo.so
left4dead2\addons\sourcemod\extensions\x64\sdktools.ext.2.blade.so
left4dead2\addons\sourcemod\extensions\x64\sdktools.ext.2.csgo.so
left4dead2\addons\sourcemod\extensions\x64\topmenus.ext.so
left4dead2\addons\sourcemod\extensions\x64\updater.ext.so
left4dead2\addons\sourcemod\extensions\x64\webternet.ext.so
NEWFLDR|left4dead2\addons\sourcemod\gamedata\
left4dead2\addons\sourcemod\gamedata\funcommands.games.txt
left4dead2\addons\sourcemod\gamedata\sm-tf2.games.txt
NEWFLDR|left4dead2\addons\sourcemod\gamedata\core.games\
left4dead2\addons\sourcemod\gamedata\core.games\blocklist.plugins.txt
left4dead2\addons\sourcemod\gamedata\core.games\common.games.txt
left4dead2\addons\sourcemod\gamedata\core.games\engine.bgt.txt
left4dead2\addons\sourcemod\gamedata\core.games\engine.blade.txt
left4dead2\addons\sourcemod\gamedata\core.games\engine.bms.txt
left4dead2\addons\sourcemod\gamedata\core.games\engine.contagion.txt
left4dead2\addons\sourcemod\gamedata\core.games\engine.csgo.txt
left4dead2\addons\sourcemod\gamedata\core.games\engine.css.txt
left4dead2\addons\sourcemod\gamedata\core.games\engine.darkm.txt
left4dead2\addons\sourcemod\gamedata\core.games\engine.ep1.txt
left4dead2\addons\sourcemod\gamedata\core.games\engine.ep2.txt
left4dead2\addons\sourcemod\gamedata\core.games\engine.ep2valve.txt
left4dead2\addons\sourcemod\gamedata\core.games\engine.eye.txt
left4dead2\addons\sourcemod\gamedata\core.games\engine.insurgency.txt
left4dead2\addons\sourcemod\gamedata\core.games\engine.l4d.txt
left4dead2\addons\sourcemod\gamedata\core.games\engine.l4d2.txt
left4dead2\addons\sourcemod\gamedata\core.games\engine.sdk2013.txt
left4dead2\addons\sourcemod\gamedata\core.games\engine.swarm.txt
left4dead2\addons\sourcemod\gamedata\core.games\game.dinodday.txt
left4dead2\addons\sourcemod\gamedata\core.games\master.games.txt
NEWFLDR|left4dead2\addons\sourcemod\gamedata\sdkhooks.games\
left4dead2\addons\sourcemod\gamedata\sdkhooks.games\common.games.txt
left4dead2\addons\sourcemod\gamedata\sdkhooks.games\engine.blade.txt
left4dead2\addons\sourcemod\gamedata\sdkhooks.games\engine.contagion.txt
left4dead2\addons\sourcemod\gamedata\sdkhooks.games\engine.csgo.txt
left4dead2\addons\sourcemod\gamedata\sdkhooks.games\engine.darkm.txt
left4dead2\addons\sourcemod\gamedata\sdkhooks.games\engine.ep2v.txt
left4dead2\addons\sourcemod\gamedata\sdkhooks.games\engine.insurgency.txt
left4dead2\addons\sourcemod\gamedata\sdkhooks.games\engine.l4d.txt
left4dead2\addons\sourcemod\gamedata\sdkhooks.games\game.ag2.txt
left4dead2\addons\sourcemod\gamedata\sdkhooks.games\game.alienswarm.txt
left4dead2\addons\sourcemod\gamedata\sdkhooks.games\game.aoc.txt
left4dead2\addons\sourcemod\gamedata\sdkhooks.games\game.bms.txt
left4dead2\addons\sourcemod\gamedata\sdkhooks.games\game.cspromod.txt
left4dead2\addons\sourcemod\gamedata\sdkhooks.games\game.cstrike.txt
left4dead2\addons\sourcemod\gamedata\sdkhooks.games\game.dinodday.txt
left4dead2\addons\sourcemod\gamedata\sdkhooks.games\game.doi.txt
left4dead2\addons\sourcemod\gamedata\sdkhooks.games\game.empires.txt
left4dead2\addons\sourcemod\gamedata\sdkhooks.games\game.ff.txt
left4dead2\addons\sourcemod\gamedata\sdkhooks.games\game.fof.txt
left4dead2\addons\sourcemod\gamedata\sdkhooks.games\game.gesource.txt
left4dead2\addons\sourcemod\gamedata\sdkhooks.games\game.hidden.txt
left4dead2\addons\sourcemod\gamedata\sdkhooks.games\game.hl2ctf.txt
left4dead2\addons\sourcemod\gamedata\sdkhooks.games\game.insurgency.txt
left4dead2\addons\sourcemod\gamedata\sdkhooks.games\game.kz.txt
left4dead2\addons\sourcemod\gamedata\sdkhooks.games\game.l4d2.txt
left4dead2\addons\sourcemod\gamedata\sdkhooks.games\game.modularcombat.txt
left4dead2\addons\sourcemod\gamedata\sdkhooks.games\game.neotokyo.txt
left4dead2\addons\sourcemod\gamedata\sdkhooks.games\game.nmrih.txt
left4dead2\addons\sourcemod\gamedata\sdkhooks.games\game.nucleardawn.txt
left4dead2\addons\sourcemod\gamedata\sdkhooks.games\game.pvkii.txt
left4dead2\addons\sourcemod\gamedata\sdkhooks.games\game.reactivedrop.txt
left4dead2\addons\sourcemod\gamedata\sdkhooks.games\game.sgtls.txt
left4dead2\addons\sourcemod\gamedata\sdkhooks.games\game.sourceforts.txt
left4dead2\addons\sourcemod\gamedata\sdkhooks.games\game.synergy.txt
left4dead2\addons\sourcemod\gamedata\sdkhooks.games\game.zm.txt
left4dead2\addons\sourcemod\gamedata\sdkhooks.games\game.zpanic.txt
left4dead2\addons\sourcemod\gamedata\sdkhooks.games\master.games.txt
NEWFLDR|left4dead2\addons\sourcemod\gamedata\sdktools.games\
left4dead2\addons\sourcemod\gamedata\sdktools.games\common.games.txt
left4dead2\addons\sourcemod\gamedata\sdktools.games\engine.bgt.txt
left4dead2\addons\sourcemod\gamedata\sdktools.games\engine.blade.txt
left4dead2\addons\sourcemod\gamedata\sdktools.games\engine.contagion.txt
left4dead2\addons\sourcemod\gamedata\sdktools.games\engine.csgo.txt
left4dead2\addons\sourcemod\gamedata\sdktools.games\engine.css.txt
left4dead2\addons\sourcemod\gamedata\sdktools.games\engine.darkm.txt
left4dead2\addons\sourcemod\gamedata\sdktools.games\engine.ep1.txt
left4dead2\addons\sourcemod\gamedata\sdktools.games\engine.ep2.txt
left4dead2\addons\sourcemod\gamedata\sdktools.games\engine.ep2valve.txt
left4dead2\addons\sourcemod\gamedata\sdktools.games\engine.eye.txt
left4dead2\addons\sourcemod\gamedata\sdktools.games\engine.insurgency.txt
left4dead2\addons\sourcemod\gamedata\sdktools.games\engine.l4d.txt
left4dead2\addons\sourcemod\gamedata\sdktools.games\engine.l4d2.txt
left4dead2\addons\sourcemod\gamedata\sdktools.games\engine.sdk2013.txt
left4dead2\addons\sourcemod\gamedata\sdktools.games\engine.swarm.txt
left4dead2\addons\sourcemod\gamedata\sdktools.games\game.ag2.txt
left4dead2\addons\sourcemod\gamedata\sdktools.games\game.alienswarm.txt
left4dead2\addons\sourcemod\gamedata\sdktools.games\game.aoc.txt
left4dead2\addons\sourcemod\gamedata\sdktools.games\game.bg2.txt
left4dead2\addons\sourcemod\gamedata\sdktools.games\game.bms.txt
left4dead2\addons\sourcemod\gamedata\sdktools.games\game.cspromod.txt
left4dead2\addons\sourcemod\gamedata\sdktools.games\game.cstrike.txt
left4dead2\addons\sourcemod\gamedata\sdktools.games\game.dinodday.txt
left4dead2\addons\sourcemod\gamedata\sdktools.games\game.dod.txt
left4dead2\addons\sourcemod\gamedata\sdktools.games\game.doi.txt
left4dead2\addons\sourcemod\gamedata\sdktools.games\game.dystopia.txt
left4dead2\addons\sourcemod\gamedata\sdktools.games\game.empires.txt
left4dead2\addons\sourcemod\gamedata\sdktools.games\game.esmod.txt
left4dead2\addons\sourcemod\gamedata\sdktools.games\game.fas.txt
left4dead2\addons\sourcemod\gamedata\sdktools.games\game.ff.txt
left4dead2\addons\sourcemod\gamedata\sdktools.games\game.fof.txt
left4dead2\addons\sourcemod\gamedata\sdktools.games\game.gesource.txt
left4dead2\addons\sourcemod\gamedata\sdktools.games\game.hidden.txt
left4dead2\addons\sourcemod\gamedata\sdktools.games\game.hl2ctf.txt
left4dead2\addons\sourcemod\gamedata\sdktools.games\game.hl2mp.txt
left4dead2\addons\sourcemod\gamedata\sdktools.games\game.insurgency.txt
left4dead2\addons\sourcemod\gamedata\sdktools.games\game.ios.txt
left4dead2\addons\sourcemod\gamedata\sdktools.games\game.kz.txt
left4dead2\addons\sourcemod\gamedata\sdktools.games\game.left4dead2.txt
left4dead2\addons\sourcemod\gamedata\sdktools.games\game.modularcombat.txt
left4dead2\addons\sourcemod\gamedata\sdktools.games\game.neotokyo.txt
left4dead2\addons\sourcemod\gamedata\sdktools.games\game.nmrih.txt
left4dead2\addons\sourcemod\gamedata\sdktools.games\game.nucleardawn.txt
left4dead2\addons\sourcemod\gamedata\sdktools.games\game.obsidian.txt
left4dead2\addons\sourcemod\gamedata\sdktools.games\game.pvkii.txt
left4dead2\addons\sourcemod\gamedata\sdktools.games\game.reactivedrop.txt
left4dead2\addons\sourcemod\gamedata\sdktools.games\game.rnlbeta.txt
left4dead2\addons\sourcemod\gamedata\sdktools.games\game.ship.txt
left4dead2\addons\sourcemod\gamedata\sdktools.games\game.sourceforts.txt
left4dead2\addons\sourcemod\gamedata\sdktools.games\game.synergy.txt
left4dead2\addons\sourcemod\gamedata\sdktools.games\game.tf.txt
left4dead2\addons\sourcemod\gamedata\sdktools.games\game.zm.txt
left4dead2\addons\sourcemod\gamedata\sdktools.games\game.zpanic.txt
left4dead2\addons\sourcemod\gamedata\sdktools.games\master.games.txt
NEWFLDR|left4dead2\addons\sourcemod\gamedata\sm-cstrike.games\
left4dead2\addons\sourcemod\gamedata\sm-cstrike.games\game.csgo.txt
left4dead2\addons\sourcemod\gamedata\sm-cstrike.games\game.css.txt
left4dead2\addons\sourcemod\gamedata\sm-cstrike.games\master.games.txt
NEWFLDR|left4dead2\addons\sourcemod\logs\
NEWFLDR|left4dead2\addons\sourcemod\plugins\
left4dead2\addons\sourcemod\plugins\admin-flatfile.smx
left4dead2\addons\sourcemod\plugins\adminhelp.smx
left4dead2\addons\sourcemod\plugins\adminmenu.smx
left4dead2\addons\sourcemod\plugins\antiflood.smx
left4dead2\addons\sourcemod\plugins\basebans.smx
left4dead2\addons\sourcemod\plugins\basechat.smx
left4dead2\addons\sourcemod\plugins\basecomm.smx
left4dead2\addons\sourcemod\plugins\basecommands.smx
left4dead2\addons\sourcemod\plugins\basetriggers.smx
left4dead2\addons\sourcemod\plugins\basevotes.smx
left4dead2\addons\sourcemod\plugins\clientprefs.smx
left4dead2\addons\sourcemod\plugins\funcommands.smx
left4dead2\addons\sourcemod\plugins\funvotes.smx
left4dead2\addons\sourcemod\plugins\playercommands.smx
left4dead2\addons\sourcemod\plugins\reservedslots.smx
left4dead2\addons\sourcemod\plugins\sounds.smx
NEWFLDR|left4dead2\addons\sourcemod\plugins\disabled\
left4dead2\addons\sourcemod\plugins\disabled\admin-sql-prefetch.smx
left4dead2\addons\sourcemod\plugins\disabled\admin-sql-threaded.smx
left4dead2\addons\sourcemod\plugins\disabled\mapchooser.smx
left4dead2\addons\sourcemod\plugins\disabled\nominations.smx
left4dead2\addons\sourcemod\plugins\disabled\randomcycle.smx
left4dead2\addons\sourcemod\plugins\disabled\rockthevote.smx
left4dead2\addons\sourcemod\plugins\disabled\sql-admin-manager.smx
NEWFLDR|left4dead2\addons\sourcemod\scripting\
left4dead2\addons\sourcemod\scripting\admin-sql-prefetch.sp
left4dead2\addons\sourcemod\scripting\admin-sql-threaded.sp
left4dead2\addons\sourcemod\scripting\adminhelp.sp
left4dead2\addons\sourcemod\scripting\adminmenu.sp
left4dead2\addons\sourcemod\scripting\antiflood.sp
left4dead2\addons\sourcemod\scripting\basebans.sp
left4dead2\addons\sourcemod\scripting\basechat.sp
left4dead2\addons\sourcemod\scripting\basecomm.sp
left4dead2\addons\sourcemod\scripting\basecommands.sp
left4dead2\addons\sourcemod\scripting\basetriggers.sp
left4dead2\addons\sourcemod\scripting\basevotes.sp
left4dead2\addons\sourcemod\scripting\clientprefs.sp
left4dead2\addons\sourcemod\scripting\compile.sh
left4dead2\addons\sourcemod\scripting\funcommands.sp
left4dead2\addons\sourcemod\scripting\funvotes.sp
left4dead2\addons\sourcemod\scripting\mapchooser.sp
left4dead2\addons\sourcemod\scripting\nextmap.sp
left4dead2\addons\sourcemod\scripting\nominations.sp
left4dead2\addons\sourcemod\scripting\playercommands.sp
left4dead2\addons\sourcemod\scripting\randomcycle.sp
left4dead2\addons\sourcemod\scripting\reservedslots.sp
left4dead2\addons\sourcemod\scripting\rockthevote.sp
left4dead2\addons\sourcemod\scripting\sounds.sp
left4dead2\addons\sourcemod\scripting\spcomp
left4dead2\addons\sourcemod\scripting\spcomp64
left4dead2\addons\sourcemod\scripting\sql-admin-manager.sp
NEWFLDR|left4dead2\addons\sourcemod\scripting\admin-flatfile\
left4dead2\addons\sourcemod\scripting\admin-flatfile\admin-flatfile.sp
left4dead2\addons\sourcemod\scripting\admin-flatfile\admin-groups.sp
left4dead2\addons\sourcemod\scripting\admin-flatfile\admin-overrides.sp
left4dead2\addons\sourcemod\scripting\admin-flatfile\admin-simple.sp
left4dead2\addons\sourcemod\scripting\admin-flatfile\admin-users.sp
NEWFLDR|left4dead2\addons\sourcemod\scripting\adminmenu\
left4dead2\addons\sourcemod\scripting\adminmenu\dynamicmenu.sp
NEWFLDR|left4dead2\addons\sourcemod\scripting\basebans\
left4dead2\addons\sourcemod\scripting\basebans\ban.sp
NEWFLDR|left4dead2\addons\sourcemod\scripting\basecomm\
left4dead2\addons\sourcemod\scripting\basecomm\forwards.sp
left4dead2\addons\sourcemod\scripting\basecomm\gag.sp
left4dead2\addons\sourcemod\scripting\basecomm\natives.sp
NEWFLDR|left4dead2\addons\sourcemod\scripting\basecommands\
left4dead2\addons\sourcemod\scripting\basecommands\cancelvote.sp
left4dead2\addons\sourcemod\scripting\basecommands\execcfg.sp
left4dead2\addons\sourcemod\scripting\basecommands\kick.sp
left4dead2\addons\sourcemod\scripting\basecommands\map.sp
left4dead2\addons\sourcemod\scripting\basecommands\reloadadmins.sp
left4dead2\addons\sourcemod\scripting\basecommands\who.sp
NEWFLDR|left4dead2\addons\sourcemod\scripting\basevotes\
left4dead2\addons\sourcemod\scripting\basevotes\voteban.sp
left4dead2\addons\sourcemod\scripting\basevotes\votekick.sp
left4dead2\addons\sourcemod\scripting\basevotes\votemap.sp
NEWFLDR|left4dead2\addons\sourcemod\scripting\funcommands\
left4dead2\addons\sourcemod\scripting\funcommands\beacon.sp
left4dead2\addons\sourcemod\scripting\funcommands\blind.sp
left4dead2\addons\sourcemod\scripting\funcommands\drug.sp
left4dead2\addons\sourcemod\scripting\funcommands\fire.sp
left4dead2\addons\sourcemod\scripting\funcommands\gravity.sp
left4dead2\addons\sourcemod\scripting\funcommands\ice.sp
left4dead2\addons\sourcemod\scripting\funcommands\noclip.sp
left4dead2\addons\sourcemod\scripting\funcommands\timebomb.sp
NEWFLDR|left4dead2\addons\sourcemod\scripting\funvotes\
left4dead2\addons\sourcemod\scripting\funvotes\votealltalk.sp
left4dead2\addons\sourcemod\scripting\funvotes\voteburn.sp
left4dead2\addons\sourcemod\scripting\funvotes\voteff.sp
left4dead2\addons\sourcemod\scripting\funvotes\votegravity.sp
left4dead2\addons\sourcemod\scripting\funvotes\voteslay.sp
NEWFLDR|left4dead2\addons\sourcemod\scripting\include\
left4dead2\addons\sourcemod\scripting\include\admin.inc
left4dead2\addons\sourcemod\scripting\include\adminmenu.inc
left4dead2\addons\sourcemod\scripting\include\adt.inc
left4dead2\addons\sourcemod\scripting\include\adt_array.inc
left4dead2\addons\sourcemod\scripting\include\adt_stack.inc
left4dead2\addons\sourcemod\scripting\include\adt_trie.inc
left4dead2\addons\sourcemod\scripting\include\banning.inc
left4dead2\addons\sourcemod\scripting\include\basecomm.inc
left4dead2\addons\sourcemod\scripting\include\bitbuffer.inc
left4dead2\addons\sourcemod\scripting\include\clientprefs.inc
left4dead2\addons\sourcemod\scripting\include\clients.inc
left4dead2\addons\sourcemod\scripting\include\commandfilters.inc
left4dead2\addons\sourcemod\scripting\include\commandline.inc
left4dead2\addons\sourcemod\scripting\include\console.inc
left4dead2\addons\sourcemod\scripting\include\convars.inc
left4dead2\addons\sourcemod\scripting\include\core.inc
left4dead2\addons\sourcemod\scripting\include\cstrike.inc
left4dead2\addons\sourcemod\scripting\include\datapack.inc
left4dead2\addons\sourcemod\scripting\include\dbi.inc
left4dead2\addons\sourcemod\scripting\include\dhooks.inc
left4dead2\addons\sourcemod\scripting\include\entity.inc
left4dead2\addons\sourcemod\scripting\include\entitylump.inc
left4dead2\addons\sourcemod\scripting\include\entity_prop_stocks.inc
left4dead2\addons\sourcemod\scripting\include\events.inc
left4dead2\addons\sourcemod\scripting\include\files.inc
left4dead2\addons\sourcemod\scripting\include\float.inc
left4dead2\addons\sourcemod\scripting\include\functions.inc
left4dead2\addons\sourcemod\scripting\include\geoip.inc
left4dead2\addons\sourcemod\scripting\include\halflife.inc
left4dead2\addons\sourcemod\scripting\include\handles.inc
left4dead2\addons\sourcemod\scripting\include\helpers.inc
left4dead2\addons\sourcemod\scripting\include\keyvalues.inc
left4dead2\addons\sourcemod\scripting\include\lang.inc
left4dead2\addons\sourcemod\scripting\include\logging.inc
left4dead2\addons\sourcemod\scripting\include\mapchooser.inc
left4dead2\addons\sourcemod\scripting\include\menus.inc
left4dead2\addons\sourcemod\scripting\include\nextmap.inc
left4dead2\addons\sourcemod\scripting\include\profiler.inc
left4dead2\addons\sourcemod\scripting\include\protobuf.inc
left4dead2\addons\sourcemod\scripting\include\regex.inc
left4dead2\addons\sourcemod\scripting\include\sdkhooks.inc
left4dead2\addons\sourcemod\scripting\include\sdktools.inc
left4dead2\addons\sourcemod\scripting\include\sdktools_client.inc
left4dead2\addons\sourcemod\scripting\include\sdktools_engine.inc
left4dead2\addons\sourcemod\scripting\include\sdktools_entinput.inc
left4dead2\addons\sourcemod\scripting\include\sdktools_entoutput.inc
left4dead2\addons\sourcemod\scripting\include\sdktools_functions.inc
left4dead2\addons\sourcemod\scripting\include\sdktools_gamerules.inc
left4dead2\addons\sourcemod\scripting\include\sdktools_hooks.inc
left4dead2\addons\sourcemod\scripting\include\sdktools_sound.inc
left4dead2\addons\sourcemod\scripting\include\sdktools_stocks.inc
left4dead2\addons\sourcemod\scripting\include\sdktools_stringtables.inc
left4dead2\addons\sourcemod\scripting\include\sdktools_tempents.inc
left4dead2\addons\sourcemod\scripting\include\sdktools_tempents_stocks.inc
left4dead2\addons\sourcemod\scripting\include\sdktools_trace.inc
left4dead2\addons\sourcemod\scripting\include\sdktools_variant_t.inc
left4dead2\addons\sourcemod\scripting\include\sdktools_voice.inc
left4dead2\addons\sourcemod\scripting\include\sorting.inc
left4dead2\addons\sourcemod\scripting\include\sourcemod.inc
left4dead2\addons\sourcemod\scripting\include\string.inc
left4dead2\addons\sourcemod\scripting\include\testing.inc
left4dead2\addons\sourcemod\scripting\include\textparse.inc
left4dead2\addons\sourcemod\scripting\include\tf2.inc
left4dead2\addons\sourcemod\scripting\include\tf2_stocks.inc
left4dead2\addons\sourcemod\scripting\include\timers.inc
left4dead2\addons\sourcemod\scripting\include\topmenus.inc
left4dead2\addons\sourcemod\scripting\include\usermessages.inc
left4dead2\addons\sourcemod\scripting\include\vector.inc
left4dead2\addons\sourcemod\scripting\include\version.inc
left4dead2\addons\sourcemod\scripting\include\version_auto.inc
NEWFLDR|left4dead2\addons\sourcemod\scripting\playercommands\
left4dead2\addons\sourcemod\scripting\playercommands\rename.sp
left4dead2\addons\sourcemod\scripting\playercommands\slap.sp
left4dead2\addons\sourcemod\scripting\playercommands\slay.sp
NEWFLDR|left4dead2\addons\sourcemod\scripting\testsuite\
left4dead2\addons\sourcemod\scripting\testsuite\benchmark.sp
left4dead2\addons\sourcemod\scripting\testsuite\bug4059.sp
left4dead2\addons\sourcemod\scripting\testsuite\callfunctest.sp
left4dead2\addons\sourcemod\scripting\testsuite\capstest.sp
left4dead2\addons\sourcemod\scripting\testsuite\clientprefstest.sp
left4dead2\addons\sourcemod\scripting\testsuite\cstrike-test.sp
left4dead2\addons\sourcemod\scripting\testsuite\entitylumptest.sp
left4dead2\addons\sourcemod\scripting\testsuite\entpropelements.sp
left4dead2\addons\sourcemod\scripting\testsuite\fakenative1.sp
left4dead2\addons\sourcemod\scripting\testsuite\fakenative2.sp
left4dead2\addons\sourcemod\scripting\testsuite\filetest.sp
left4dead2\addons\sourcemod\scripting\testsuite\findmap.sp
left4dead2\addons\sourcemod\scripting\testsuite\floats.sp
left4dead2\addons\sourcemod\scripting\testsuite\fwdtest1.sp
left4dead2\addons\sourcemod\scripting\testsuite\fwdtest2.sp
left4dead2\addons\sourcemod\scripting\testsuite\gamerules-props.sp
left4dead2\addons\sourcemod\scripting\testsuite\goto_test.sp
left4dead2\addons\sourcemod\scripting\testsuite\keyvalues.sp
left4dead2\addons\sourcemod\scripting\testsuite\mapdisplayname.sp
left4dead2\addons\sourcemod\scripting\testsuite\outputtest.sp
left4dead2\addons\sourcemod\scripting\testsuite\ptstest.sp
left4dead2\addons\sourcemod\scripting\testsuite\sorttest.sp
left4dead2\addons\sourcemod\scripting\testsuite\sqltest.sp
left4dead2\addons\sourcemod\scripting\testsuite\sqltest.sql
left4dead2\addons\sourcemod\scripting\testsuite\stacktest.sp
left4dead2\addons\sourcemod\scripting\testsuite\structtest.sp
left4dead2\addons\sourcemod\scripting\testsuite\tf2-test.sp
left4dead2\addons\sourcemod\scripting\testsuite\tries.sp
NEWFLDR|left4dead2\addons\sourcemod\translations\
left4dead2\addons\sourcemod\translations\adminhelp.phrases.txt
left4dead2\addons\sourcemod\translations\adminmenu.phrases.txt
left4dead2\addons\sourcemod\translations\antiflood.phrases.txt
left4dead2\addons\sourcemod\translations\basebans.phrases.txt
left4dead2\addons\sourcemod\translations\basecomm.phrases.txt
left4dead2\addons\sourcemod\translations\basetriggers.phrases.txt
left4dead2\addons\sourcemod\translations\basevotes.phrases.txt
left4dead2\addons\sourcemod\translations\clientprefs.phrases.txt
left4dead2\addons\sourcemod\translations\common.phrases.txt
left4dead2\addons\sourcemod\translations\core.phrases.txt
left4dead2\addons\sourcemod\translations\funcommands.phrases.txt
left4dead2\addons\sourcemod\translations\funvotes.phrases.txt
left4dead2\addons\sourcemod\translations\mapchooser.phrases.txt
left4dead2\addons\sourcemod\translations\nextmap.phrases.txt
left4dead2\addons\sourcemod\translations\nominations.phrases.txt
left4dead2\addons\sourcemod\translations\playercommands.phrases.txt
left4dead2\addons\sourcemod\translations\plugin.basecommands.txt
left4dead2\addons\sourcemod\translations\reservedslots.phrases.txt
left4dead2\addons\sourcemod\translations\rockthevote.phrases.txt
left4dead2\addons\sourcemod\translations\sounds.phrases.txt
left4dead2\addons\sourcemod\translations\sqladmins.phrases.txt
NEWFLDR|left4dead2\addons\sourcemod\translations\ar\
left4dead2\addons\sourcemod\translations\ar\adminhelp.phrases.txt
left4dead2\addons\sourcemod\translations\ar\adminmenu.phrases.txt
left4dead2\addons\sourcemod\translations\ar\antiflood.phrases.txt
left4dead2\addons\sourcemod\translations\ar\basebans.phrases.txt
left4dead2\addons\sourcemod\translations\ar\basecomm.phrases.txt
left4dead2\addons\sourcemod\translations\ar\basetriggers.phrases.txt
left4dead2\addons\sourcemod\translations\ar\basevotes.phrases.txt
left4dead2\addons\sourcemod\translations\ar\clientprefs.phrases.txt
left4dead2\addons\sourcemod\translations\ar\common.phrases.txt
left4dead2\addons\sourcemod\translations\ar\core.phrases.txt
left4dead2\addons\sourcemod\translations\ar\funcommands.phrases.txt
left4dead2\addons\sourcemod\translations\ar\funvotes.phrases.txt
left4dead2\addons\sourcemod\translations\ar\mapchooser.phrases.txt
left4dead2\addons\sourcemod\translations\ar\nextmap.phrases.txt
left4dead2\addons\sourcemod\translations\ar\nominations.phrases.txt
left4dead2\addons\sourcemod\translations\ar\playercommands.phrases.txt
left4dead2\addons\sourcemod\translations\ar\plugin.basecommands.txt
left4dead2\addons\sourcemod\translations\ar\reservedslots.phrases.txt
left4dead2\addons\sourcemod\translations\ar\rockthevote.phrases.txt
left4dead2\addons\sourcemod\translations\ar\sounds.phrases.txt
left4dead2\addons\sourcemod\translations\ar\sqladmins.phrases.txt
NEWFLDR|left4dead2\addons\sourcemod\translations\bg\
left4dead2\addons\sourcemod\translations\bg\adminhelp.phrases.txt
left4dead2\addons\sourcemod\translations\bg\adminmenu.phrases.txt
left4dead2\addons\sourcemod\translations\bg\antiflood.phrases.txt
left4dead2\addons\sourcemod\translations\bg\basebans.phrases.txt
left4dead2\addons\sourcemod\translations\bg\basecomm.phrases.txt
left4dead2\addons\sourcemod\translations\bg\basetriggers.phrases.txt
left4dead2\addons\sourcemod\translations\bg\basevotes.phrases.txt
left4dead2\addons\sourcemod\translations\bg\clientprefs.phrases.txt
left4dead2\addons\sourcemod\translations\bg\common.phrases.txt
left4dead2\addons\sourcemod\translations\bg\core.phrases.txt
left4dead2\addons\sourcemod\translations\bg\funcommands.phrases.txt
left4dead2\addons\sourcemod\translations\bg\funvotes.phrases.txt
left4dead2\addons\sourcemod\translations\bg\mapchooser.phrases.txt
left4dead2\addons\sourcemod\translations\bg\nextmap.phrases.txt
left4dead2\addons\sourcemod\translations\bg\nominations.phrases.txt
left4dead2\addons\sourcemod\translations\bg\playercommands.phrases.txt
left4dead2\addons\sourcemod\translations\bg\plugin.basecommands.txt
left4dead2\addons\sourcemod\translations\bg\reservedslots.phrases.txt
left4dead2\addons\sourcemod\translations\bg\rockthevote.phrases.txt
left4dead2\addons\sourcemod\translations\bg\sounds.phrases.txt
left4dead2\addons\sourcemod\translations\bg\sqladmins.phrases.txt
NEWFLDR|left4dead2\addons\sourcemod\translations\chi\
left4dead2\addons\sourcemod\translations\chi\adminhelp.phrases.txt
left4dead2\addons\sourcemod\translations\chi\adminmenu.phrases.txt
left4dead2\addons\sourcemod\translations\chi\antiflood.phrases.txt
left4dead2\addons\sourcemod\translations\chi\basebans.phrases.txt
left4dead2\addons\sourcemod\translations\chi\basecomm.phrases.txt
left4dead2\addons\sourcemod\translations\chi\basetriggers.phrases.txt
left4dead2\addons\sourcemod\translations\chi\basevotes.phrases.txt
left4dead2\addons\sourcemod\translations\chi\clientprefs.phrases.txt
left4dead2\addons\sourcemod\translations\chi\common.phrases.txt
left4dead2\addons\sourcemod\translations\chi\core.phrases.txt
left4dead2\addons\sourcemod\translations\chi\funcommands.phrases.txt
left4dead2\addons\sourcemod\translations\chi\funvotes.phrases.txt
left4dead2\addons\sourcemod\translations\chi\mapchooser.phrases.txt
left4dead2\addons\sourcemod\translations\chi\nextmap.phrases.txt
left4dead2\addons\sourcemod\translations\chi\nominations.phrases.txt
left4dead2\addons\sourcemod\translations\chi\playercommands.phrases.txt
left4dead2\addons\sourcemod\translations\chi\plugin.basecommands.txt
left4dead2\addons\sourcemod\translations\chi\reservedslots.phrases.txt
left4dead2\addons\sourcemod\translations\chi\rockthevote.phrases.txt
left4dead2\addons\sourcemod\translations\chi\slapslay.phrases.txt
left4dead2\addons\sourcemod\translations\chi\sounds.phrases.txt
left4dead2\addons\sourcemod\translations\chi\sqladmins.phrases.txt
NEWFLDR|left4dead2\addons\sourcemod\translations\cze\
left4dead2\addons\sourcemod\translations\cze\adminhelp.phrases.txt
left4dead2\addons\sourcemod\translations\cze\adminmenu.phrases.txt
left4dead2\addons\sourcemod\translations\cze\antiflood.phrases.txt
left4dead2\addons\sourcemod\translations\cze\basebans.phrases.txt
left4dead2\addons\sourcemod\translations\cze\basecomm.phrases.txt
left4dead2\addons\sourcemod\translations\cze\basetriggers.phrases.txt
left4dead2\addons\sourcemod\translations\cze\basevotes.phrases.txt
left4dead2\addons\sourcemod\translations\cze\clientprefs.phrases.txt
left4dead2\addons\sourcemod\translations\cze\common.phrases.txt
left4dead2\addons\sourcemod\translations\cze\core.phrases.txt
left4dead2\addons\sourcemod\translations\cze\funcommands.phrases.txt
left4dead2\addons\sourcemod\translations\cze\funvotes.phrases.txt
left4dead2\addons\sourcemod\translations\cze\mapchooser.phrases.txt
left4dead2\addons\sourcemod\translations\cze\nextmap.phrases.txt
left4dead2\addons\sourcemod\translations\cze\nominations.phrases.txt
left4dead2\addons\sourcemod\translations\cze\playercommands.phrases.txt
left4dead2\addons\sourcemod\translations\cze\plugin.basecommands.txt
left4dead2\addons\sourcemod\translations\cze\reservedslots.phrases.txt
left4dead2\addons\sourcemod\translations\cze\rockthevote.phrases.txt
left4dead2\addons\sourcemod\translations\cze\sounds.phrases.txt
left4dead2\addons\sourcemod\translations\cze\sqladmins.phrases.txt
NEWFLDR|left4dead2\addons\sourcemod\translations\da\
left4dead2\addons\sourcemod\translations\da\adminhelp.phrases.txt
left4dead2\addons\sourcemod\translations\da\adminmenu.phrases.txt
left4dead2\addons\sourcemod\translations\da\antiflood.phrases.txt
left4dead2\addons\sourcemod\translations\da\basebans.phrases.txt
left4dead2\addons\sourcemod\translations\da\basecomm.phrases.txt
left4dead2\addons\sourcemod\translations\da\basetriggers.phrases.txt
left4dead2\addons\sourcemod\translations\da\basevotes.phrases.txt
left4dead2\addons\sourcemod\translations\da\clientprefs.phrases.txt
left4dead2\addons\sourcemod\translations\da\common.phrases.txt
left4dead2\addons\sourcemod\translations\da\core.phrases.txt
left4dead2\addons\sourcemod\translations\da\funcommands.phrases.txt
left4dead2\addons\sourcemod\translations\da\funvotes.phrases.txt
left4dead2\addons\sourcemod\translations\da\mapchooser.phrases.txt
left4dead2\addons\sourcemod\translations\da\nextmap.phrases.txt
left4dead2\addons\sourcemod\translations\da\nominations.phrases.txt
left4dead2\addons\sourcemod\translations\da\playercommands.phrases.txt
left4dead2\addons\sourcemod\translations\da\plugin.basecommands.txt
left4dead2\addons\sourcemod\translations\da\reservedslots.phrases.txt
left4dead2\addons\sourcemod\translations\da\rockthevote.phrases.txt
left4dead2\addons\sourcemod\translations\da\slapslay.phrases.txt
left4dead2\addons\sourcemod\translations\da\sounds.phrases.txt
left4dead2\addons\sourcemod\translations\da\sqladmins.phrases.txt
NEWFLDR|left4dead2\addons\sourcemod\translations\de\
left4dead2\addons\sourcemod\translations\de\adminhelp.phrases.txt
left4dead2\addons\sourcemod\translations\de\adminmenu.phrases.txt
left4dead2\addons\sourcemod\translations\de\antiflood.phrases.txt
left4dead2\addons\sourcemod\translations\de\basebans.phrases.txt
left4dead2\addons\sourcemod\translations\de\basecomm.phrases.txt
left4dead2\addons\sourcemod\translations\de\basetriggers.phrases.txt
left4dead2\addons\sourcemod\translations\de\basevotes.phrases.txt
left4dead2\addons\sourcemod\translations\de\clientprefs.phrases.txt
left4dead2\addons\sourcemod\translations\de\common.phrases.txt
left4dead2\addons\sourcemod\translations\de\core.phrases.txt
left4dead2\addons\sourcemod\translations\de\funcommands.phrases.txt
left4dead2\addons\sourcemod\translations\de\funvotes.phrases.txt
left4dead2\addons\sourcemod\translations\de\mapchooser.phrases.txt
left4dead2\addons\sourcemod\translations\de\nextmap.phrases.txt
left4dead2\addons\sourcemod\translations\de\nominations.phrases.txt
left4dead2\addons\sourcemod\translations\de\playercommands.phrases.txt
left4dead2\addons\sourcemod\translations\de\plugin.basecommands.txt
left4dead2\addons\sourcemod\translations\de\reservedslots.phrases.txt
left4dead2\addons\sourcemod\translations\de\rockthevote.phrases.txt
left4dead2\addons\sourcemod\translations\de\slapslay.phrases.txt
left4dead2\addons\sourcemod\translations\de\sounds.phrases.txt
left4dead2\addons\sourcemod\translations\de\sqladmins.phrases.txt
NEWFLDR|left4dead2\addons\sourcemod\translations\el\
left4dead2\addons\sourcemod\translations\el\adminhelp.phrases.txt
left4dead2\addons\sourcemod\translations\el\adminmenu.phrases.txt
left4dead2\addons\sourcemod\translations\el\antiflood.phrases.txt
left4dead2\addons\sourcemod\translations\el\basebans.phrases.txt
left4dead2\addons\sourcemod\translations\el\basecomm.phrases.txt
left4dead2\addons\sourcemod\translations\el\basetriggers.phrases.txt
left4dead2\addons\sourcemod\translations\el\basevotes.phrases.txt
left4dead2\addons\sourcemod\translations\el\clientprefs.phrases.txt
left4dead2\addons\sourcemod\translations\el\common.phrases.txt
left4dead2\addons\sourcemod\translations\el\core.phrases.txt
left4dead2\addons\sourcemod\translations\el\funcommands.phrases.txt
left4dead2\addons\sourcemod\translations\el\funvotes.phrases.txt
left4dead2\addons\sourcemod\translations\el\mapchooser.phrases.txt
left4dead2\addons\sourcemod\translations\el\nextmap.phrases.txt
left4dead2\addons\sourcemod\translations\el\nominations.phrases.txt
left4dead2\addons\sourcemod\translations\el\playercommands.phrases.txt
left4dead2\addons\sourcemod\translations\el\plugin.basecommands.txt
left4dead2\addons\sourcemod\translations\el\reservedslots.phrases.txt
left4dead2\addons\sourcemod\translations\el\rockthevote.phrases.txt
left4dead2\addons\sourcemod\translations\el\sounds.phrases.txt
left4dead2\addons\sourcemod\translations\el\sqladmins.phrases.txt
NEWFLDR|left4dead2\addons\sourcemod\translations\es\
left4dead2\addons\sourcemod\translations\es\adminhelp.phrases.txt
left4dead2\addons\sourcemod\translations\es\adminmenu.phrases.txt
left4dead2\addons\sourcemod\translations\es\antiflood.phrases.txt
left4dead2\addons\sourcemod\translations\es\basebans.phrases.txt
left4dead2\addons\sourcemod\translations\es\basecomm.phrases.txt
left4dead2\addons\sourcemod\translations\es\basetriggers.phrases.txt
left4dead2\addons\sourcemod\translations\es\basevotes.phrases.txt
left4dead2\addons\sourcemod\translations\es\clientprefs.phrases.txt
left4dead2\addons\sourcemod\translations\es\common.phrases.txt
left4dead2\addons\sourcemod\translations\es\core.phrases.txt
left4dead2\addons\sourcemod\translations\es\funcommands.phrases.txt
left4dead2\addons\sourcemod\translations\es\funvotes.phrases.txt
left4dead2\addons\sourcemod\translations\es\mapchooser.phrases.txt
left4dead2\addons\sourcemod\translations\es\nextmap.phrases.txt
left4dead2\addons\sourcemod\translations\es\nominations.phrases.txt
left4dead2\addons\sourcemod\translations\es\playercommands.phrases.txt
left4dead2\addons\sourcemod\translations\es\plugin.basecommands.txt
left4dead2\addons\sourcemod\translations\es\reservedslots.phrases.txt
left4dead2\addons\sourcemod\translations\es\rockthevote.phrases.txt
left4dead2\addons\sourcemod\translations\es\slapslay.phrases.txt
left4dead2\addons\sourcemod\translations\es\sounds.phrases.txt
left4dead2\addons\sourcemod\translations\es\sqladmins.phrases.txt
NEWFLDR|left4dead2\addons\sourcemod\translations\fi\
left4dead2\addons\sourcemod\translations\fi\adminhelp.phrases.txt
left4dead2\addons\sourcemod\translations\fi\adminmenu.phrases.txt
left4dead2\addons\sourcemod\translations\fi\antiflood.phrases.txt
left4dead2\addons\sourcemod\translations\fi\basebans.phrases.txt
left4dead2\addons\sourcemod\translations\fi\basecomm.phrases.txt
left4dead2\addons\sourcemod\translations\fi\basetriggers.phrases.txt
left4dead2\addons\sourcemod\translations\fi\basevotes.phrases.txt
left4dead2\addons\sourcemod\translations\fi\clientprefs.phrases.txt
left4dead2\addons\sourcemod\translations\fi\common.phrases.txt
left4dead2\addons\sourcemod\translations\fi\core.phrases.txt
left4dead2\addons\sourcemod\translations\fi\funcommands.phrases.txt
left4dead2\addons\sourcemod\translations\fi\funvotes.phrases.txt
left4dead2\addons\sourcemod\translations\fi\mapchooser.phrases.txt
left4dead2\addons\sourcemod\translations\fi\nextmap.phrases.txt
left4dead2\addons\sourcemod\translations\fi\nominations.phrases.txt
left4dead2\addons\sourcemod\translations\fi\playercommands.phrases.txt
left4dead2\addons\sourcemod\translations\fi\plugin.basecommands.txt
left4dead2\addons\sourcemod\translations\fi\reservedslots.phrases.txt
left4dead2\addons\sourcemod\translations\fi\rockthevote.phrases.txt
left4dead2\addons\sourcemod\translations\fi\sounds.phrases.txt
left4dead2\addons\sourcemod\translations\fi\sqladmins.phrases.txt
NEWFLDR|left4dead2\addons\sourcemod\translations\fr\
left4dead2\addons\sourcemod\translations\fr\adminhelp.phrases.txt
left4dead2\addons\sourcemod\translations\fr\adminmenu.phrases.txt
left4dead2\addons\sourcemod\translations\fr\antiflood.phrases.txt
left4dead2\addons\sourcemod\translations\fr\basebans.phrases.txt
left4dead2\addons\sourcemod\translations\fr\basecomm.phrases.txt
left4dead2\addons\sourcemod\translations\fr\basetriggers.phrases.txt
left4dead2\addons\sourcemod\translations\fr\basevotes.phrases.txt
left4dead2\addons\sourcemod\translations\fr\clientprefs.phrases.txt
left4dead2\addons\sourcemod\translations\fr\common.phrases.txt
left4dead2\addons\sourcemod\translations\fr\core.phrases.txt
left4dead2\addons\sourcemod\translations\fr\funcommands.phrases.txt
left4dead2\addons\sourcemod\translations\fr\funvotes.phrases.txt
left4dead2\addons\sourcemod\translations\fr\mapchooser.phrases.txt
left4dead2\addons\sourcemod\translations\fr\nextmap.phrases.txt
left4dead2\addons\sourcemod\translations\fr\nominations.phrases.txt
left4dead2\addons\sourcemod\translations\fr\playercommands.phrases.txt
left4dead2\addons\sourcemod\translations\fr\plugin.basecommands.txt
left4dead2\addons\sourcemod\translations\fr\reservedslots.phrases.txt
left4dead2\addons\sourcemod\translations\fr\rockthevote.phrases.txt
left4dead2\addons\sourcemod\translations\fr\slapslay.phrases.txt
left4dead2\addons\sourcemod\translations\fr\sounds.phrases.txt
left4dead2\addons\sourcemod\translations\fr\sqladmins.phrases.txt
NEWFLDR|left4dead2\addons\sourcemod\translations\he\
left4dead2\addons\sourcemod\translations\he\adminhelp.phrases.txt
left4dead2\addons\sourcemod\translations\he\adminmenu.phrases.txt
left4dead2\addons\sourcemod\translations\he\antiflood.phrases.txt
left4dead2\addons\sourcemod\translations\he\basebans.phrases.txt
left4dead2\addons\sourcemod\translations\he\basecomm.phrases.txt
left4dead2\addons\sourcemod\translations\he\basetriggers.phrases.txt
left4dead2\addons\sourcemod\translations\he\basevotes.phrases.txt
left4dead2\addons\sourcemod\translations\he\clientprefs.phrases.txt
left4dead2\addons\sourcemod\translations\he\common.phrases.txt
left4dead2\addons\sourcemod\translations\he\core.phrases.txt
left4dead2\addons\sourcemod\translations\he\funcommands.phrases.txt
left4dead2\addons\sourcemod\translations\he\funvotes.phrases.txt
left4dead2\addons\sourcemod\translations\he\mapchooser.phrases.txt
left4dead2\addons\sourcemod\translations\he\nextmap.phrases.txt
left4dead2\addons\sourcemod\translations\he\nominations.phrases.txt
left4dead2\addons\sourcemod\translations\he\playercommands.phrases.txt
left4dead2\addons\sourcemod\translations\he\plugin.basecommands.txt
left4dead2\addons\sourcemod\translations\he\reservedslots.phrases.txt
left4dead2\addons\sourcemod\translations\he\rockthevote.phrases.txt
left4dead2\addons\sourcemod\translations\he\sounds.phrases.txt
left4dead2\addons\sourcemod\translations\he\sqladmins.phrases.txt
NEWFLDR|left4dead2\addons\sourcemod\translations\hu\
left4dead2\addons\sourcemod\translations\hu\adminhelp.phrases.txt
left4dead2\addons\sourcemod\translations\hu\adminmenu.phrases.txt
left4dead2\addons\sourcemod\translations\hu\antiflood.phrases.txt
left4dead2\addons\sourcemod\translations\hu\basebans.phrases.txt
left4dead2\addons\sourcemod\translations\hu\basecomm.phrases.txt
left4dead2\addons\sourcemod\translations\hu\basetriggers.phrases.txt
left4dead2\addons\sourcemod\translations\hu\basevotes.phrases.txt
left4dead2\addons\sourcemod\translations\hu\clientprefs.phrases.txt
left4dead2\addons\sourcemod\translations\hu\common.phrases.txt
left4dead2\addons\sourcemod\translations\hu\core.phrases.txt
left4dead2\addons\sourcemod\translations\hu\funcommands.phrases.txt
left4dead2\addons\sourcemod\translations\hu\funvotes.phrases.txt
left4dead2\addons\sourcemod\translations\hu\mapchooser.phrases.txt
left4dead2\addons\sourcemod\translations\hu\nextmap.phrases.txt
left4dead2\addons\sourcemod\translations\hu\nominations.phrases.txt
left4dead2\addons\sourcemod\translations\hu\playercommands.phrases.txt
left4dead2\addons\sourcemod\translations\hu\plugin.basecommands.txt
left4dead2\addons\sourcemod\translations\hu\reservedslots.phrases.txt
left4dead2\addons\sourcemod\translations\hu\rockthevote.phrases.txt
left4dead2\addons\sourcemod\translations\hu\slapslay.phrases.txt
left4dead2\addons\sourcemod\translations\hu\sounds.phrases.txt
left4dead2\addons\sourcemod\translations\hu\sqladmins.phrases.txt
NEWFLDR|left4dead2\addons\sourcemod\translations\it\
left4dead2\addons\sourcemod\translations\it\adminhelp.phrases.txt
left4dead2\addons\sourcemod\translations\it\adminmenu.phrases.txt
left4dead2\addons\sourcemod\translations\it\antiflood.phrases.txt
left4dead2\addons\sourcemod\translations\it\basebans.phrases.txt
left4dead2\addons\sourcemod\translations\it\basecomm.phrases.txt
left4dead2\addons\sourcemod\translations\it\basetriggers.phrases.txt
left4dead2\addons\sourcemod\translations\it\basevotes.phrases.txt
left4dead2\addons\sourcemod\translations\it\clientprefs.phrases.txt
left4dead2\addons\sourcemod\translations\it\common.phrases.txt
left4dead2\addons\sourcemod\translations\it\core.phrases.txt
left4dead2\addons\sourcemod\translations\it\funcommands.phrases.txt
left4dead2\addons\sourcemod\translations\it\funvotes.phrases.txt
left4dead2\addons\sourcemod\translations\it\mapchooser.phrases.txt
left4dead2\addons\sourcemod\translations\it\nextmap.phrases.txt
left4dead2\addons\sourcemod\translations\it\nominations.phrases.txt
left4dead2\addons\sourcemod\translations\it\playercommands.phrases.txt
left4dead2\addons\sourcemod\translations\it\plugin.basecommands.txt
left4dead2\addons\sourcemod\translations\it\reservedslots.phrases.txt
left4dead2\addons\sourcemod\translations\it\rockthevote.phrases.txt
left4dead2\addons\sourcemod\translations\it\sounds.phrases.txt
left4dead2\addons\sourcemod\translations\it\sqladmins.phrases.txt
NEWFLDR|left4dead2\addons\sourcemod\translations\jp\
left4dead2\addons\sourcemod\translations\jp\adminhelp.phrases.txt
left4dead2\addons\sourcemod\translations\jp\adminmenu.phrases.txt
left4dead2\addons\sourcemod\translations\jp\antiflood.phrases.txt
left4dead2\addons\sourcemod\translations\jp\basebans.phrases.txt
left4dead2\addons\sourcemod\translations\jp\basecomm.phrases.txt
left4dead2\addons\sourcemod\translations\jp\basetriggers.phrases.txt
left4dead2\addons\sourcemod\translations\jp\basevotes.phrases.txt
left4dead2\addons\sourcemod\translations\jp\clientprefs.phrases.txt
left4dead2\addons\sourcemod\translations\jp\common.phrases.txt
left4dead2\addons\sourcemod\translations\jp\core.phrases.txt
left4dead2\addons\sourcemod\translations\jp\funcommands.phrases.txt
left4dead2\addons\sourcemod\translations\jp\funvotes.phrases.txt
left4dead2\addons\sourcemod\translations\jp\mapchooser.phrases.txt
left4dead2\addons\sourcemod\translations\jp\nextmap.phrases.txt
left4dead2\addons\sourcemod\translations\jp\nominations.phrases.txt
left4dead2\addons\sourcemod\translations\jp\playercommands.phrases.txt
left4dead2\addons\sourcemod\translations\jp\plugin.basecommands.txt
left4dead2\addons\sourcemod\translations\jp\reservedslots.phrases.txt
left4dead2\addons\sourcemod\translations\jp\rockthevote.phrases.txt
left4dead2\addons\sourcemod\translations\jp\slapslay.phrases.txt
left4dead2\addons\sourcemod\translations\jp\sounds.phrases.txt
left4dead2\addons\sourcemod\translations\jp\sqladmins.phrases.txt
NEWFLDR|left4dead2\addons\sourcemod\translations\ko\
left4dead2\addons\sourcemod\translations\ko\adminhelp.phrases.txt
left4dead2\addons\sourcemod\translations\ko\adminmenu.phrases.txt
left4dead2\addons\sourcemod\translations\ko\antiflood.phrases.txt
left4dead2\addons\sourcemod\translations\ko\basebans.phrases.txt
left4dead2\addons\sourcemod\translations\ko\basecomm.phrases.txt
left4dead2\addons\sourcemod\translations\ko\basetriggers.phrases.txt
left4dead2\addons\sourcemod\translations\ko\basevotes.phrases.txt
left4dead2\addons\sourcemod\translations\ko\clientprefs.phrases.txt
left4dead2\addons\sourcemod\translations\ko\common.phrases.txt
left4dead2\addons\sourcemod\translations\ko\core.phrases.txt
left4dead2\addons\sourcemod\translations\ko\funcommands.phrases.txt
left4dead2\addons\sourcemod\translations\ko\funvotes.phrases.txt
left4dead2\addons\sourcemod\translations\ko\mapchooser.phrases.txt
left4dead2\addons\sourcemod\translations\ko\nextmap.phrases.txt
left4dead2\addons\sourcemod\translations\ko\nominations.phrases.txt
left4dead2\addons\sourcemod\translations\ko\playercommands.phrases.txt
left4dead2\addons\sourcemod\translations\ko\plugin.basecommands.txt
left4dead2\addons\sourcemod\translations\ko\reservedslots.phrases.txt
left4dead2\addons\sourcemod\translations\ko\rockthevote.phrases.txt
left4dead2\addons\sourcemod\translations\ko\sounds.phrases.txt
left4dead2\addons\sourcemod\translations\ko\sqladmins.phrases.txt
NEWFLDR|left4dead2\addons\sourcemod\translations\lt\
left4dead2\addons\sourcemod\translations\lt\adminhelp.phrases.txt
left4dead2\addons\sourcemod\translations\lt\adminmenu.phrases.txt
left4dead2\addons\sourcemod\translations\lt\antiflood.phrases.txt
left4dead2\addons\sourcemod\translations\lt\basebans.phrases.txt
left4dead2\addons\sourcemod\translations\lt\basecomm.phrases.txt
left4dead2\addons\sourcemod\translations\lt\basetriggers.phrases.txt
left4dead2\addons\sourcemod\translations\lt\basevotes.phrases.txt
left4dead2\addons\sourcemod\translations\lt\clientprefs.phrases.txt
left4dead2\addons\sourcemod\translations\lt\common.phrases.txt
left4dead2\addons\sourcemod\translations\lt\core.phrases.txt
left4dead2\addons\sourcemod\translations\lt\funcommands.phrases.txt
left4dead2\addons\sourcemod\translations\lt\funvotes.phrases.txt
left4dead2\addons\sourcemod\translations\lt\mapchooser.phrases.txt
left4dead2\addons\sourcemod\translations\lt\nextmap.phrases.txt
left4dead2\addons\sourcemod\translations\lt\nominations.phrases.txt
left4dead2\addons\sourcemod\translations\lt\playercommands.phrases.txt
left4dead2\addons\sourcemod\translations\lt\plugin.basecommands.txt
left4dead2\addons\sourcemod\translations\lt\reservedslots.phrases.txt
left4dead2\addons\sourcemod\translations\lt\rockthevote.phrases.txt
left4dead2\addons\sourcemod\translations\lt\sounds.phrases.txt
left4dead2\addons\sourcemod\translations\lt\sqladmins.phrases.txt
NEWFLDR|left4dead2\addons\sourcemod\translations\lv\
left4dead2\addons\sourcemod\translations\lv\adminhelp.phrases.txt
left4dead2\addons\sourcemod\translations\lv\adminmenu.phrases.txt
left4dead2\addons\sourcemod\translations\lv\antiflood.phrases.txt
left4dead2\addons\sourcemod\translations\lv\basebans.phrases.txt
left4dead2\addons\sourcemod\translations\lv\basecomm.phrases.txt
left4dead2\addons\sourcemod\translations\lv\basetriggers.phrases.txt
left4dead2\addons\sourcemod\translations\lv\basevotes.phrases.txt
left4dead2\addons\sourcemod\translations\lv\clientprefs.phrases.txt
left4dead2\addons\sourcemod\translations\lv\common.phrases.txt
left4dead2\addons\sourcemod\translations\lv\core.phrases.txt
left4dead2\addons\sourcemod\translations\lv\funcommands.phrases.txt
left4dead2\addons\sourcemod\translations\lv\funvotes.phrases.txt
left4dead2\addons\sourcemod\translations\lv\mapchooser.phrases.txt
left4dead2\addons\sourcemod\translations\lv\nextmap.phrases.txt
left4dead2\addons\sourcemod\translations\lv\nominations.phrases.txt
left4dead2\addons\sourcemod\translations\lv\playercommands.phrases.txt
left4dead2\addons\sourcemod\translations\lv\plugin.basecommands.txt
left4dead2\addons\sourcemod\translations\lv\reservedslots.phrases.txt
left4dead2\addons\sourcemod\translations\lv\rockthevote.phrases.txt
left4dead2\addons\sourcemod\translations\lv\slapslay.phrases.txt
left4dead2\addons\sourcemod\translations\lv\sounds.phrases.txt
left4dead2\addons\sourcemod\translations\lv\sqladmins.phrases.txt
NEWFLDR|left4dead2\addons\sourcemod\translations\nl\
left4dead2\addons\sourcemod\translations\nl\adminhelp.phrases.txt
left4dead2\addons\sourcemod\translations\nl\adminmenu.phrases.txt
left4dead2\addons\sourcemod\translations\nl\antiflood.phrases.txt
left4dead2\addons\sourcemod\translations\nl\basebans.phrases.txt
left4dead2\addons\sourcemod\translations\nl\basecomm.phrases.txt
left4dead2\addons\sourcemod\translations\nl\basetriggers.phrases.txt
left4dead2\addons\sourcemod\translations\nl\basevotes.phrases.txt
left4dead2\addons\sourcemod\translations\nl\clientprefs.phrases.txt
left4dead2\addons\sourcemod\translations\nl\common.phrases.txt
left4dead2\addons\sourcemod\translations\nl\core.phrases.txt
left4dead2\addons\sourcemod\translations\nl\funcommands.phrases.txt
left4dead2\addons\sourcemod\translations\nl\funvotes.phrases.txt
left4dead2\addons\sourcemod\translations\nl\mapchooser.phrases.txt
left4dead2\addons\sourcemod\translations\nl\nextmap.phrases.txt
left4dead2\addons\sourcemod\translations\nl\nominations.phrases.txt
left4dead2\addons\sourcemod\translations\nl\playercommands.phrases.txt
left4dead2\addons\sourcemod\translations\nl\plugin.basecommands.txt
left4dead2\addons\sourcemod\translations\nl\reservedslots.phrases.txt
left4dead2\addons\sourcemod\translations\nl\rockthevote.phrases.txt
left4dead2\addons\sourcemod\translations\nl\sounds.phrases.txt
left4dead2\addons\sourcemod\translations\nl\sqladmins.phrases.txt
NEWFLDR|left4dead2\addons\sourcemod\translations\no\
left4dead2\addons\sourcemod\translations\no\adminhelp.phrases.txt
left4dead2\addons\sourcemod\translations\no\adminmenu.phrases.txt
left4dead2\addons\sourcemod\translations\no\antiflood.phrases.txt
left4dead2\addons\sourcemod\translations\no\basebans.phrases.txt
left4dead2\addons\sourcemod\translations\no\basecomm.phrases.txt
left4dead2\addons\sourcemod\translations\no\basetriggers.phrases.txt
left4dead2\addons\sourcemod\translations\no\basevotes.phrases.txt
left4dead2\addons\sourcemod\translations\no\clientprefs.phrases.txt
left4dead2\addons\sourcemod\translations\no\common.phrases.txt
left4dead2\addons\sourcemod\translations\no\core.phrases.txt
left4dead2\addons\sourcemod\translations\no\funcommands.phrases.txt
left4dead2\addons\sourcemod\translations\no\funvotes.phrases.txt
left4dead2\addons\sourcemod\translations\no\mapchooser.phrases.txt
left4dead2\addons\sourcemod\translations\no\nextmap.phrases.txt
left4dead2\addons\sourcemod\translations\no\nominations.phrases.txt
left4dead2\addons\sourcemod\translations\no\playercommands.phrases.txt
left4dead2\addons\sourcemod\translations\no\plugin.basecommands.txt
left4dead2\addons\sourcemod\translations\no\reservedslots.phrases.txt
left4dead2\addons\sourcemod\translations\no\rockthevote.phrases.txt
left4dead2\addons\sourcemod\translations\no\slapslay.phrases.txt
left4dead2\addons\sourcemod\translations\no\sounds.phrases.txt
left4dead2\addons\sourcemod\translations\no\sqladmins.phrases.txt
NEWFLDR|left4dead2\addons\sourcemod\translations\pl\
left4dead2\addons\sourcemod\translations\pl\adminhelp.phrases.txt
left4dead2\addons\sourcemod\translations\pl\adminmenu.phrases.txt
left4dead2\addons\sourcemod\translations\pl\antiflood.phrases.txt
left4dead2\addons\sourcemod\translations\pl\basebans.phrases.txt
left4dead2\addons\sourcemod\translations\pl\basecomm.phrases.txt
left4dead2\addons\sourcemod\translations\pl\basetriggers.phrases.txt
left4dead2\addons\sourcemod\translations\pl\basevotes.phrases.txt
left4dead2\addons\sourcemod\translations\pl\clientprefs.phrases.txt
left4dead2\addons\sourcemod\translations\pl\common.phrases.txt
left4dead2\addons\sourcemod\translations\pl\core.phrases.txt
left4dead2\addons\sourcemod\translations\pl\funcommands.phrases.txt
left4dead2\addons\sourcemod\translations\pl\funvotes.phrases.txt
left4dead2\addons\sourcemod\translations\pl\mapchooser.phrases.txt
left4dead2\addons\sourcemod\translations\pl\nextmap.phrases.txt
left4dead2\addons\sourcemod\translations\pl\nominations.phrases.txt
left4dead2\addons\sourcemod\translations\pl\playercommands.phrases.txt
left4dead2\addons\sourcemod\translations\pl\plugin.basecommands.txt
left4dead2\addons\sourcemod\translations\pl\reservedslots.phrases.txt
left4dead2\addons\sourcemod\translations\pl\rockthevote.phrases.txt
left4dead2\addons\sourcemod\translations\pl\slapslay.phrases.txt
left4dead2\addons\sourcemod\translations\pl\sounds.phrases.txt
left4dead2\addons\sourcemod\translations\pl\sqladmins.phrases.txt
NEWFLDR|left4dead2\addons\sourcemod\translations\pt\
left4dead2\addons\sourcemod\translations\pt\adminhelp.phrases.txt
left4dead2\addons\sourcemod\translations\pt\adminmenu.phrases.txt
left4dead2\addons\sourcemod\translations\pt\antiflood.phrases.txt
left4dead2\addons\sourcemod\translations\pt\basebans.phrases.txt
left4dead2\addons\sourcemod\translations\pt\basecomm.phrases.txt
left4dead2\addons\sourcemod\translations\pt\basetriggers.phrases.txt
left4dead2\addons\sourcemod\translations\pt\basevotes.phrases.txt
left4dead2\addons\sourcemod\translations\pt\clientprefs.phrases.txt
left4dead2\addons\sourcemod\translations\pt\common.phrases.txt
left4dead2\addons\sourcemod\translations\pt\core.phrases.txt
left4dead2\addons\sourcemod\translations\pt\funcommands.phrases.txt
left4dead2\addons\sourcemod\translations\pt\funvotes.phrases.txt
left4dead2\addons\sourcemod\translations\pt\mapchooser.phrases.txt
left4dead2\addons\sourcemod\translations\pt\nextmap.phrases.txt
left4dead2\addons\sourcemod\translations\pt\nominations.phrases.txt
left4dead2\addons\sourcemod\translations\pt\playercommands.phrases.txt
left4dead2\addons\sourcemod\translations\pt\plugin.basecommands.txt
left4dead2\addons\sourcemod\translations\pt\reservedslots.phrases.txt
left4dead2\addons\sourcemod\translations\pt\rockthevote.phrases.txt
left4dead2\addons\sourcemod\translations\pt\slapslay.phrases.txt
left4dead2\addons\sourcemod\translations\pt\sounds.phrases.txt
left4dead2\addons\sourcemod\translations\pt\sqladmins.phrases.txt
NEWFLDR|left4dead2\addons\sourcemod\translations\pt_p\
left4dead2\addons\sourcemod\translations\pt_p\adminhelp.phrases.txt
left4dead2\addons\sourcemod\translations\pt_p\adminmenu.phrases.txt
left4dead2\addons\sourcemod\translations\pt_p\antiflood.phrases.txt
left4dead2\addons\sourcemod\translations\pt_p\basebans.phrases.txt
left4dead2\addons\sourcemod\translations\pt_p\basecomm.phrases.txt
left4dead2\addons\sourcemod\translations\pt_p\basetriggers.phrases.txt
left4dead2\addons\sourcemod\translations\pt_p\basevotes.phrases.txt
left4dead2\addons\sourcemod\translations\pt_p\clientprefs.phrases.txt
left4dead2\addons\sourcemod\translations\pt_p\common.phrases.txt
left4dead2\addons\sourcemod\translations\pt_p\core.phrases.txt
left4dead2\addons\sourcemod\translations\pt_p\funcommands.phrases.txt
left4dead2\addons\sourcemod\translations\pt_p\funvotes.phrases.txt
left4dead2\addons\sourcemod\translations\pt_p\mapchooser.phrases.txt
left4dead2\addons\sourcemod\translations\pt_p\nextmap.phrases.txt
left4dead2\addons\sourcemod\translations\pt_p\nominations.phrases.txt
left4dead2\addons\sourcemod\translations\pt_p\playercommands.phrases.txt
left4dead2\addons\sourcemod\translations\pt_p\plugin.basecommands.txt
left4dead2\addons\sourcemod\translations\pt_p\reservedslots.phrases.txt
left4dead2\addons\sourcemod\translations\pt_p\rockthevote.phrases.txt
left4dead2\addons\sourcemod\translations\pt_p\sounds.phrases.txt
left4dead2\addons\sourcemod\translations\pt_p\sqladmins.phrases.txt
NEWFLDR|left4dead2\addons\sourcemod\translations\ro\
left4dead2\addons\sourcemod\translations\ro\adminhelp.phrases.txt
left4dead2\addons\sourcemod\translations\ro\adminmenu.phrases.txt
left4dead2\addons\sourcemod\translations\ro\antiflood.phrases.txt
left4dead2\addons\sourcemod\translations\ro\basebans.phrases.txt
left4dead2\addons\sourcemod\translations\ro\basecomm.phrases.txt
left4dead2\addons\sourcemod\translations\ro\basetriggers.phrases.txt
left4dead2\addons\sourcemod\translations\ro\basevotes.phrases.txt
left4dead2\addons\sourcemod\translations\ro\clientprefs.phrases.txt
left4dead2\addons\sourcemod\translations\ro\common.phrases.txt
left4dead2\addons\sourcemod\translations\ro\core.phrases.txt
left4dead2\addons\sourcemod\translations\ro\funcommands.phrases.txt
left4dead2\addons\sourcemod\translations\ro\funvotes.phrases.txt
left4dead2\addons\sourcemod\translations\ro\mapchooser.phrases.txt
left4dead2\addons\sourcemod\translations\ro\nextmap.phrases.txt
left4dead2\addons\sourcemod\translations\ro\nominations.phrases.txt
left4dead2\addons\sourcemod\translations\ro\playercommands.phrases.txt
left4dead2\addons\sourcemod\translations\ro\plugin.basecommands.txt
left4dead2\addons\sourcemod\translations\ro\reservedslots.phrases.txt
left4dead2\addons\sourcemod\translations\ro\rockthevote.phrases.txt
left4dead2\addons\sourcemod\translations\ro\slapslay.phrases.txt
left4dead2\addons\sourcemod\translations\ro\sounds.phrases.txt
left4dead2\addons\sourcemod\translations\ro\sqladmins.phrases.txt
NEWFLDR|left4dead2\addons\sourcemod\translations\ru\
left4dead2\addons\sourcemod\translations\ru\adminhelp.phrases.txt
left4dead2\addons\sourcemod\translations\ru\adminmenu.phrases.txt
left4dead2\addons\sourcemod\translations\ru\antiflood.phrases.txt
left4dead2\addons\sourcemod\translations\ru\basebans.phrases.txt
left4dead2\addons\sourcemod\translations\ru\basecomm.phrases.txt
left4dead2\addons\sourcemod\translations\ru\basetriggers.phrases.txt
left4dead2\addons\sourcemod\translations\ru\basevotes.phrases.txt
left4dead2\addons\sourcemod\translations\ru\clientprefs.phrases.txt
left4dead2\addons\sourcemod\translations\ru\common.phrases.txt
left4dead2\addons\sourcemod\translations\ru\core.phrases.txt
left4dead2\addons\sourcemod\translations\ru\funcommands.phrases.txt
left4dead2\addons\sourcemod\translations\ru\funvotes.phrases.txt
left4dead2\addons\sourcemod\translations\ru\mapchooser.phrases.txt
left4dead2\addons\sourcemod\translations\ru\nextmap.phrases.txt
left4dead2\addons\sourcemod\translations\ru\nominations.phrases.txt
left4dead2\addons\sourcemod\translations\ru\playercommands.phrases.txt
left4dead2\addons\sourcemod\translations\ru\plugin.basecommands.txt
left4dead2\addons\sourcemod\translations\ru\reservedslots.phrases.txt
left4dead2\addons\sourcemod\translations\ru\rockthevote.phrases.txt
left4dead2\addons\sourcemod\translations\ru\slapslay.phrases.txt
left4dead2\addons\sourcemod\translations\ru\sounds.phrases.txt
left4dead2\addons\sourcemod\translations\ru\sqladmins.phrases.txt
NEWFLDR|left4dead2\addons\sourcemod\translations\sk\
left4dead2\addons\sourcemod\translations\sk\adminhelp.phrases.txt
left4dead2\addons\sourcemod\translations\sk\adminmenu.phrases.txt
left4dead2\addons\sourcemod\translations\sk\antiflood.phrases.txt
left4dead2\addons\sourcemod\translations\sk\basebans.phrases.txt
left4dead2\addons\sourcemod\translations\sk\basecomm.phrases.txt
left4dead2\addons\sourcemod\translations\sk\basetriggers.phrases.txt
left4dead2\addons\sourcemod\translations\sk\basevotes.phrases.txt
left4dead2\addons\sourcemod\translations\sk\clientprefs.phrases.txt
left4dead2\addons\sourcemod\translations\sk\common.phrases.txt
left4dead2\addons\sourcemod\translations\sk\core.phrases.txt
left4dead2\addons\sourcemod\translations\sk\funcommands.phrases.txt
left4dead2\addons\sourcemod\translations\sk\funvotes.phrases.txt
left4dead2\addons\sourcemod\translations\sk\mapchooser.phrases.txt
left4dead2\addons\sourcemod\translations\sk\nextmap.phrases.txt
left4dead2\addons\sourcemod\translations\sk\nominations.phrases.txt
left4dead2\addons\sourcemod\translations\sk\playercommands.phrases.txt
left4dead2\addons\sourcemod\translations\sk\plugin.basecommands.txt
left4dead2\addons\sourcemod\translations\sk\reservedslots.phrases.txt
left4dead2\addons\sourcemod\translations\sk\rockthevote.phrases.txt
left4dead2\addons\sourcemod\translations\sk\sounds.phrases.txt
left4dead2\addons\sourcemod\translations\sk\sqladmins.phrases.txt
NEWFLDR|left4dead2\addons\sourcemod\translations\sv\
left4dead2\addons\sourcemod\translations\sv\adminhelp.phrases.txt
left4dead2\addons\sourcemod\translations\sv\adminmenu.phrases.txt
left4dead2\addons\sourcemod\translations\sv\antiflood.phrases.txt
left4dead2\addons\sourcemod\translations\sv\basebans.phrases.txt
left4dead2\addons\sourcemod\translations\sv\basecomm.phrases.txt
left4dead2\addons\sourcemod\translations\sv\basetriggers.phrases.txt
left4dead2\addons\sourcemod\translations\sv\basevotes.phrases.txt
left4dead2\addons\sourcemod\translations\sv\clientprefs.phrases.txt
left4dead2\addons\sourcemod\translations\sv\common.phrases.txt
left4dead2\addons\sourcemod\translations\sv\core.phrases.txt
left4dead2\addons\sourcemod\translations\sv\funcommands.phrases.txt
left4dead2\addons\sourcemod\translations\sv\funvotes.phrases.txt
left4dead2\addons\sourcemod\translations\sv\mapchooser.phrases.txt
left4dead2\addons\sourcemod\translations\sv\nextmap.phrases.txt
left4dead2\addons\sourcemod\translations\sv\nominations.phrases.txt
left4dead2\addons\sourcemod\translations\sv\playercommands.phrases.txt
left4dead2\addons\sourcemod\translations\sv\plugin.basecommands.txt
left4dead2\addons\sourcemod\translations\sv\reservedslots.phrases.txt
left4dead2\addons\sourcemod\translations\sv\rockthevote.phrases.txt
left4dead2\addons\sourcemod\translations\sv\slapslay.phrases.txt
left4dead2\addons\sourcemod\translations\sv\sounds.phrases.txt
left4dead2\addons\sourcemod\translations\sv\sqladmins.phrases.txt
NEWFLDR|left4dead2\addons\sourcemod\translations\th\
left4dead2\addons\sourcemod\translations\th\adminhelp.phrases.txt
left4dead2\addons\sourcemod\translations\th\adminmenu.phrases.txt
left4dead2\addons\sourcemod\translations\th\antiflood.phrases.txt
left4dead2\addons\sourcemod\translations\th\basebans.phrases.txt
left4dead2\addons\sourcemod\translations\th\basecomm.phrases.txt
left4dead2\addons\sourcemod\translations\th\basetriggers.phrases.txt
left4dead2\addons\sourcemod\translations\th\basevotes.phrases.txt
left4dead2\addons\sourcemod\translations\th\clientprefs.phrases.txt
left4dead2\addons\sourcemod\translations\th\common.phrases.txt
left4dead2\addons\sourcemod\translations\th\core.phrases.txt
left4dead2\addons\sourcemod\translations\th\funcommands.phrases.txt
left4dead2\addons\sourcemod\translations\th\funvotes.phrases.txt
left4dead2\addons\sourcemod\translations\th\mapchooser.phrases.txt
left4dead2\addons\sourcemod\translations\th\nextmap.phrases.txt
left4dead2\addons\sourcemod\translations\th\nominations.phrases.txt
left4dead2\addons\sourcemod\translations\th\playercommands.phrases.txt
left4dead2\addons\sourcemod\translations\th\plugin.basecommands.txt
left4dead2\addons\sourcemod\translations\th\reservedslots.phrases.txt
left4dead2\addons\sourcemod\translations\th\rockthevote.phrases.txt
left4dead2\addons\sourcemod\translations\th\sounds.phrases.txt
left4dead2\addons\sourcemod\translations\th\sqladmins.phrases.txt
NEWFLDR|left4dead2\addons\sourcemod\translations\tr\
left4dead2\addons\sourcemod\translations\tr\adminhelp.phrases.txt
left4dead2\addons\sourcemod\translations\tr\adminmenu.phrases.txt
left4dead2\addons\sourcemod\translations\tr\antiflood.phrases.txt
left4dead2\addons\sourcemod\translations\tr\basebans.phrases.txt
left4dead2\addons\sourcemod\translations\tr\basecomm.phrases.txt
left4dead2\addons\sourcemod\translations\tr\basetriggers.phrases.txt
left4dead2\addons\sourcemod\translations\tr\basevotes.phrases.txt
left4dead2\addons\sourcemod\translations\tr\clientprefs.phrases.txt
left4dead2\addons\sourcemod\translations\tr\common.phrases.txt
left4dead2\addons\sourcemod\translations\tr\core.phrases.txt
left4dead2\addons\sourcemod\translations\tr\funcommands.phrases.txt
left4dead2\addons\sourcemod\translations\tr\funvotes.phrases.txt
left4dead2\addons\sourcemod\translations\tr\mapchooser.phrases.txt
left4dead2\addons\sourcemod\translations\tr\nextmap.phrases.txt
left4dead2\addons\sourcemod\translations\tr\nominations.phrases.txt
left4dead2\addons\sourcemod\translations\tr\playercommands.phrases.txt
left4dead2\addons\sourcemod\translations\tr\plugin.basecommands.txt
left4dead2\addons\sourcemod\translations\tr\reservedslots.phrases.txt
left4dead2\addons\sourcemod\translations\tr\rockthevote.phrases.txt
left4dead2\addons\sourcemod\translations\tr\slapslay.phrases.txt
left4dead2\addons\sourcemod\translations\tr\sounds.phrases.txt
left4dead2\addons\sourcemod\translations\tr\sqladmins.phrases.txt
NEWFLDR|left4dead2\addons\sourcemod\translations\ua\
left4dead2\addons\sourcemod\translations\ua\adminhelp.phrases.txt
left4dead2\addons\sourcemod\translations\ua\adminmenu.phrases.txt
left4dead2\addons\sourcemod\translations\ua\antiflood.phrases.txt
left4dead2\addons\sourcemod\translations\ua\basebans.phrases.txt
left4dead2\addons\sourcemod\translations\ua\basecomm.phrases.txt
left4dead2\addons\sourcemod\translations\ua\basetriggers.phrases.txt
left4dead2\addons\sourcemod\translations\ua\basevotes.phrases.txt
left4dead2\addons\sourcemod\translations\ua\clientprefs.phrases.txt
left4dead2\addons\sourcemod\translations\ua\common.phrases.txt
left4dead2\addons\sourcemod\translations\ua\core.phrases.txt
left4dead2\addons\sourcemod\translations\ua\funcommands.phrases.txt
left4dead2\addons\sourcemod\translations\ua\funvotes.phrases.txt
left4dead2\addons\sourcemod\translations\ua\mapchooser.phrases.txt
left4dead2\addons\sourcemod\translations\ua\nextmap.phrases.txt
left4dead2\addons\sourcemod\translations\ua\nominations.phrases.txt
left4dead2\addons\sourcemod\translations\ua\playercommands.phrases.txt
left4dead2\addons\sourcemod\translations\ua\plugin.basecommands.txt
left4dead2\addons\sourcemod\translations\ua\reservedslots.phrases.txt
left4dead2\addons\sourcemod\translations\ua\rockthevote.phrases.txt
left4dead2\addons\sourcemod\translations\ua\sounds.phrases.txt
left4dead2\addons\sourcemod\translations\ua\sqladmins.phrases.txt
NEWFLDR|left4dead2\addons\sourcemod\translations\vi\
left4dead2\addons\sourcemod\translations\vi\adminhelp.phrases.txt
left4dead2\addons\sourcemod\translations\vi\adminmenu.phrases.txt
left4dead2\addons\sourcemod\translations\vi\antiflood.phrases.txt
left4dead2\addons\sourcemod\translations\vi\basebans.phrases.txt
left4dead2\addons\sourcemod\translations\vi\basecomm.phrases.txt
left4dead2\addons\sourcemod\translations\vi\basetriggers.phrases.txt
left4dead2\addons\sourcemod\translations\vi\basevotes.phrases.txt
left4dead2\addons\sourcemod\translations\vi\clientprefs.phrases.txt
left4dead2\addons\sourcemod\translations\vi\common.phrases.txt
left4dead2\addons\sourcemod\translations\vi\core.phrases.txt
left4dead2\addons\sourcemod\translations\vi\funcommands.phrases.txt
left4dead2\addons\sourcemod\translations\vi\funvotes.phrases.txt
left4dead2\addons\sourcemod\translations\vi\mapchooser.phrases.txt
left4dead2\addons\sourcemod\translations\vi\nextmap.phrases.txt
left4dead2\addons\sourcemod\translations\vi\nominations.phrases.txt
left4dead2\addons\sourcemod\translations\vi\playercommands.phrases.txt
left4dead2\addons\sourcemod\translations\vi\plugin.basecommands.txt
left4dead2\addons\sourcemod\translations\vi\reservedslots.phrases.txt
left4dead2\addons\sourcemod\translations\vi\rockthevote.phrases.txt
left4dead2\addons\sourcemod\translations\vi\sounds.phrases.txt
left4dead2\addons\sourcemod\translations\vi\sqladmins.phrases.txt
NEWFLDR|left4dead2\addons\sourcemod\translations\zho\
left4dead2\addons\sourcemod\translations\zho\adminhelp.phrases.txt
left4dead2\addons\sourcemod\translations\zho\adminmenu.phrases.txt
left4dead2\addons\sourcemod\translations\zho\antiflood.phrases.txt
left4dead2\addons\sourcemod\translations\zho\basebans.phrases.txt
left4dead2\addons\sourcemod\translations\zho\basecomm.phrases.txt
left4dead2\addons\sourcemod\translations\zho\basetriggers.phrases.txt
left4dead2\addons\sourcemod\translations\zho\basevotes.phrases.txt
left4dead2\addons\sourcemod\translations\zho\clientprefs.phrases.txt
left4dead2\addons\sourcemod\translations\zho\common.phrases.txt
left4dead2\addons\sourcemod\translations\zho\core.phrases.txt
left4dead2\addons\sourcemod\translations\zho\funcommands.phrases.txt
left4dead2\addons\sourcemod\translations\zho\funvotes.phrases.txt
left4dead2\addons\sourcemod\translations\zho\mapchooser.phrases.txt
left4dead2\addons\sourcemod\translations\zho\nextmap.phrases.txt
left4dead2\addons\sourcemod\translations\zho\nominations.phrases.txt
left4dead2\addons\sourcemod\translations\zho\playercommands.phrases.txt
left4dead2\addons\sourcemod\translations\zho\plugin.basecommands.txt
left4dead2\addons\sourcemod\translations\zho\reservedslots.phrases.txt
left4dead2\addons\sourcemod\translations\zho\rockthevote.phrases.txt
left4dead2\addons\sourcemod\translations\zho\sounds.phrases.txt
left4dead2\addons\sourcemod\translations\zho\sqladmins.phrases.txt
NEWFLDR|left4dead2\cfg\
NEWFLDR|left4dead2\cfg\sourcemod\
left4dead2\cfg\sourcemod\basevotes.cfg
left4dead2\cfg\sourcemod\funcommands.cfg
left4dead2\cfg\sourcemod\funvotes.cfg
left4dead2\cfg\sourcemod\sm_warmode_off.cfg
left4dead2\cfg\sourcemod\sm_warmode_on.cfg
left4dead2\cfg\sourcemod\sourcemod.cfg
