left4dead2\addons\sourcemod\data\left4dhooks.l4d1.cfg
left4dead2\addons\sourcemod\data\left4dhooks.l4d2.cfg
left4dead2\addons\sourcemod\gamedata\left4dhooks.l4d1.txt
left4dead2\addons\sourcemod\gamedata\left4dhooks.l4d2.txt
left4dead2\addons\sourcemod\gamedata\lux_library.txt
left4dead2\addons\sourcemod\plugins\left4dhooks.smx
left4dead2\addons\sourcemod\scripting\left4dhooks.sp
left4dead2\addons\sourcemod\scripting\left4dhooks_test.sp
left4dead2\addons\sourcemod\scripting\include\left4dhooks.inc
left4dead2\addons\sourcemod\scripting\include\left4dhooks_anim.inc
left4dead2\addons\sourcemod\scripting\include\left4dhooks_lux_library.inc
left4dead2\addons\sourcemod\scripting\include\left4dhooks_silver.inc
left4dead2\addons\sourcemod\scripting\include\left4dhooks_stocks.inc
NEWFLDR|left4dead2\addons\sourcemod\scripting\l4dd\
left4dead2\addons\sourcemod\scripting\l4dd\l4dd_forwards.sp
left4dead2\addons\sourcemod\scripting\l4dd\l4dd_gamedata.sp
left4dead2\addons\sourcemod\scripting\l4dd\l4dd_natives.sp
left4dead2\addons\sourcemod\scripting\l4dd\l4dd_setup.sp
left4dead2\addons\sourcemod\scripting\l4dd\l4dd_targetfilters.sp
left4dead2\addons\sourcemod\scripting\l4dd\left4dhooks_changelog.txt
left4dead2\cfg\sourcemod\left4dhooks.cfg
