left4dead2\addons\metamod\stripper.vdf
NEWFLDR|left4dead2\addons\stripper\
left4dead2\addons\stripper\global_filters.cfg
NEWFLDR|left4dead2\addons\stripper\bin\
left4dead2\addons\stripper\bin\stripper.14.ep1.so
left4dead2\addons\stripper\bin\stripper.16.bms.so
left4dead2\addons\stripper\bin\stripper.16.csgo.so
left4dead2\addons\stripper\bin\stripper.16.css.so
left4dead2\addons\stripper\bin\stripper.16.dods.so
left4dead2\addons\stripper\bin\stripper.16.ep2.so
left4dead2\addons\stripper\bin\stripper.16.hl2dm.so
left4dead2\addons\stripper\bin\stripper.16.ins.so
left4dead2\addons\stripper\bin\stripper.16.l4d.so
left4dead2\addons\stripper\bin\stripper.16.l4d2.so
left4dead2\addons\stripper\bin\stripper.16.nd.so
left4dead2\addons\stripper\bin\stripper.16.sdk2013.so
left4dead2\addons\stripper\bin\stripper.16.tf2.so
left4dead2\addons\stripper\bin\stripper.core.so
left4dead2\addons\stripper\bin\stripper_mm_i486.so
NEWFLDR|left4dead2\addons\stripper\dumps\
NEWFLDR|left4dead2\addons\stripper\maps\
left4dead2\addons\stripper\maps\de_dust.cfg
