left4dead2\addons\sourcemod\gamedata\l4d2_mission_manager.txt
left4dead2\addons\sourcemod\plugins\l4d2_acs.smx
left4dead2\addons\sourcemod\plugins\l4d2_mission_manager.smx
left4dead2\addons\sourcemod\plugins\l4d2_mm_adminmenu.smx
left4dead2\addons\sourcemod\scripting\l4d2_acs.sp
left4dead2\addons\sourcemod\scripting\l4d2_mission_manager.sp
left4dead2\addons\sourcemod\scripting\l4d2_mm_adminmenu.sp
left4dead2\addons\sourcemod\scripting\include\l4d2_changelevel.inc
left4dead2\addons\sourcemod\scripting\include\l4d2_mission_manager.inc
left4dead2\addons\sourcemod\translations\acs.phrases.txt
left4dead2\addons\sourcemod\translations\l4d2_mm_adminmenu.txt
left4dead2\addons\sourcemod\translations\maps.phrases.txt
left4dead2\addons\sourcemod\translations\missions.phrases.txt
left4dead2\addons\sourcemod\translations\chi\acs.phrases.txt
left4dead2\addons\sourcemod\translations\chi\l4d2_mm_adminmenu.txt
left4dead2\addons\sourcemod\translations\chi\maps.phrases.txt
left4dead2\addons\sourcemod\translations\chi\missions.phrases.txt
left4dead2\addons\sourcemod\translations\fr\acs.phrases.txt
left4dead2\addons\sourcemod\translations\fr\l4d2_mm_adminmenu.txt
left4dead2\addons\sourcemod\translations\fr\maps.phrases.txt
left4dead2\addons\sourcemod\translations\fr\missions.phrases.txt
left4dead2\cfg\sourcemod\l4d2_acs.cfg
